<?xml version="1.0" encoding="UTF-8"?>
<!-- Generated by org.testng.reporters.JUnitReportReporter -->
<testsuite hostname="DESKTOP-JHSOFB9" failures="0" tests="11" name="selenium_final.Assignment" time="176.859" errors="0" timestamp="29 Feb 2024 13:05:27 GMT">
  <testcase classname="selenium_final.Assignment" name="details" time="13.825"/>
  <testcase classname="selenium_final.Assignment" name="details" time="14.246"/>
  <testcase classname="selenium_final.Assignment" name="details" time="14.068"/>
  <testcase classname="selenium_final.Assignment" name="details" time="13.934"/>
  <testcase classname="selenium_final.Assignment" name="details" time="14.325"/>
  <testcase classname="selenium_final.Assignment" name="details" time="13.676"/>
  <testcase classname="selenium_final.Assignment" name="details" time="14.155"/>
  <testcase classname="selenium_final.Assignment" name="login" time="34.893"/>
  <testcase classname="selenium_final.Assignment" name="details" time="14.271"/>
  <testcase classname="selenium_final.Assignment" name="details" time="15.191"/>
  <testcase classname="selenium_final.Assignment" name="details" time="14.275"/>
</testsuite> <!-- selenium_final.Assignment -->
